<?xml version="1.0" encoding="UTF-8"?>
<!-- Generated by org.testng.reporters.JUnitXMLReporter -->
<testsuite hostname="Namita-PC" ignored="0" name="Amazon Test" tests="2" failures="1" timestamp="2021-03-10T15:12:17 IST" time="40.582" errors="0">
  <testcase name="verifyTitleOfSearchedProductTest" time="13.44" classname="com.qa.TestCases.SearchResultsPageTest">
    <failure type="java.lang.AssertionError" message="Title is not matching means product selected is wrong expected [New Apple iPhone 12 (64GB) - Green: Amazon.in1234] but found [New Apple iPhone 12 (64GB) - Green: Amazon.in]">
      <![CDATA[java.lang.AssertionError: Title is not matching means product selected is wrong expected [New Apple iPhone 12 (64GB) - Green: Amazon.in1234] but found [New Apple iPhone 12 (64GB) - Green: Amazon.in]
at com.qa.TestCases.SearchResultsPageTest.verifyTitleOfSearchedProductTest(SearchResultsPageTest.java:37)
at java.util.ArrayList.forEach(Unknown Source)
... Removed 31 stack frames]]>
    </failure>
  </testcase> <!-- verifyTitleOfSearchedProductTest -->
  <testcase name="verifyTitleOfHomeSearchPage" time="1.377" classname="com.qa.TestCases.HomeSearchPageTest"/>
</testsuite> <!-- Amazon Test -->
