<?xml version="1.0" encoding="UTF-8"?>
<!-- Generated by org.testng.reporters.JUnitXMLReporter -->
<testsuite hostname="Namita-PC" ignored="0" name="Command line test" tests="2" failures="1" timestamp="2021-03-11T17:23:00 IST" time="86.245" errors="0">
  <testcase name="verifyTitleOfHomeSearchPage" time="0.13" classname="com.qa.TestCases.HomeSearchPageTest"/>
  <testcase name="verifyTitleOfSearchedProductTest" time="43.186" classname="com.qa.TestCases.SearchResultsPageTest">
    <failure type="java.lang.AssertionError" message="Title is not matching means product selected is wrong expected [New Apple iPhone 12 (64GB) - Green: Amazon.in1234] but found [New Apple iPhone 12 (64GB) - Green: Amazon.in]">
      <![CDATA[java.lang.AssertionError: Title is not matching means product selected is wrong expected [New Apple iPhone 12 (64GB) - Green: Amazon.in1234] but found [New Apple iPhone 12 (64GB) - Green: Amazon.in]
at com.qa.TestCases.SearchResultsPageTest.verifyTitleOfSearchedProductTest(SearchResultsPageTest.java:37)
at java.util.ArrayList.forEach(ArrayList.java:1257)
... Removed 41 stack frames]]>
    </failure>
  </testcase> <!-- verifyTitleOfSearchedProductTest -->
</testsuite> <!-- Command line test -->
