<?xml version="1.0" encoding="UTF-8" ?>
<testsuite tests="2" failures="1" name="TestSuite" time="43.402" errors="0" skipped="0">
  <properties>
[...]
</properties>
  <testcase classname="com.qa.TestCases.HomeSearchPageTest" name="verifyTitleOfHomeSearchPage" time="0.134"/>
  <testcase classname="com.qa.TestCases.SearchResultsPageTest" name="verifyTitleOfSearchedProductTest" time="43.268">
    <failure message="Title is not matching means product selected is wrong expected [New Apple iPhone 12 (64GB) - Green: Amazon.in1234] but found [New Apple iPhone 12 (64GB) - Green: Amazon.in]" type="java.lang.AssertionError">java.lang.AssertionError: Title is not matching means product selected is wrong expected [New Apple iPhone 12 (64GB) - Green: Amazon.in1234] but found [New Apple iPhone 12 (64GB) - Green: Amazon.in]
	at org.testng.Assert.fail(Assert.java:97)
	at org.testng.Assert.assertEqualsImpl(Assert.java:136)
	at org.testng.Assert.assertEquals(Assert.java:118)
	at org.testng.Assert.assertEquals(Assert.java:575)
	at com.qa.TestCases.SearchResultsPageTest.verifyTitleOfSearchedProductTest(SearchResultsPageTest.java:37)
</failure>
    <system-err>Starting ChromeDriver 2.44.609538 (b655c5a60b0b544917107a59d4153d4bf78e1b90) on port 42407
Only local connections are allowed.
Mar 11, 2021 5:22:02 PM org.openqa.selenium.remote.ProtocolHandshake createSession
INFO: Detected dialect: OSS
</system-err>
  </testcase>
</testsuite>